0 info it worked if it ends with ok
1 verbose cli [ '/usr/bin/node', '/usr/bin/npm', 'run', 'lint' ]
2 info using npm@3.5.2
3 info using node@v8.10.0
4 verbose run-script [ 'prelint', 'lint', 'postlint' ]
5 info lifecycle codecharacter-backend@1.0.0~prelint: codecharacter-backend@1.0.0
6 silly lifecycle codecharacter-backend@1.0.0~prelint: no script for prelint, continuing
7 info lifecycle codecharacter-backend@1.0.0~lint: codecharacter-backend@1.0.0
8 verbose lifecycle codecharacter-backend@1.0.0~lint: unsafe-perm in lifecycle true
9 verbose lifecycle codecharacter-backend@1.0.0~lint: PATH: /usr/share/npm/bin/node-gyp-bin:/home/subash/delta/code_character/codecharacter-server-2019/node_modules/.bin:/home/subash/delta/code_character/codecharacter-server-2019/node_modules/.bin:/home/subash/delta/code_character/node_modules/.bin:/home/subash/delta/node_modules/.bin:/home/subash/node_modules/.bin:/home/node_modules/.bin:/node_modules/.bin:/usr/bin:/usr/lib/git-core:/home/subash/.pyenv/shims:/home/subash/.pyenv/plugins/pyenv-virtualenv/shims:/home/subash/.pyenv/shims:~/.pyenv/bin:/home/subash/.composer/vendor/bin:/home/subash/.composer/vendor/bin:/home/subash/.composer/vendor/bin:/home/subash/.composer/vendor/bin:/home/subash/.composer/vendor/bin:/home/subash/.composer/vendor/bin:/home/subash/.composer/vendor/bin:/home/subash/.pyenv/plugins/pyenv-virtualenv/shims:/home/subash/.pyenv/shims:/home/subash/.pyenv/bin:/home/subash/.local/bin:/usr/local/sbin:/usr/local/bin:/usr/sbin:/usr/bin:/sbin:/bin:/usr/games:/usr/local/games:/snap/bin:/usr/local/go/bin:/usr/local/go/bin:/home/subash/go/bin:/home/subash/chromedriver
10 verbose lifecycle codecharacter-backend@1.0.0~lint: CWD: /home/subash/delta/code_character/codecharacter-server-2019
11 silly lifecycle codecharacter-backend@1.0.0~lint: Args: [ '-c', 'eslint --fix .' ]
12 silly lifecycle codecharacter-backend@1.0.0~lint: Returned: code: 1  signal: null
13 info lifecycle codecharacter-backend@1.0.0~lint: Failed to exec lint script
14 verbose stack Error: codecharacter-backend@1.0.0 lint: `eslint --fix .`
14 verbose stack Exit status 1
14 verbose stack     at EventEmitter.<anonymous> (/usr/share/npm/lib/utils/lifecycle.js:232:16)
14 verbose stack     at emitTwo (events.js:126:13)
14 verbose stack     at EventEmitter.emit (events.js:214:7)
14 verbose stack     at ChildProcess.<anonymous> (/usr/share/npm/lib/utils/spawn.js:24:14)
14 verbose stack     at emitTwo (events.js:126:13)
14 verbose stack     at ChildProcess.emit (events.js:214:7)
14 verbose stack     at maybeClose (internal/child_process.js:925:16)
14 verbose stack     at Process.ChildProcess._handle.onexit (internal/child_process.js:209:5)
15 verbose pkgid codecharacter-backend@1.0.0
16 verbose cwd /home/subash/delta/code_character/codecharacter-server-2019
17 error Linux 4.15.0-43-generic
18 error argv "/usr/bin/node" "/usr/bin/npm" "run" "lint"
19 error node v8.10.0
20 error npm  v3.5.2
21 error code ELIFECYCLE
22 error codecharacter-backend@1.0.0 lint: `eslint --fix .`
22 error Exit status 1
23 error Failed at the codecharacter-backend@1.0.0 lint script 'eslint --fix .'.
23 error Make sure you have the latest version of node.js and npm installed.
23 error If you do, this is most likely a problem with the codecharacter-backend package,
23 error not with npm itself.
23 error Tell the author that this fails on your system:
23 error     eslint --fix .
23 error You can get information on how to open an issue for this project with:
23 error     npm bugs codecharacter-backend
23 error Or if that isn't available, you can get their info via:
23 error     npm owner ls codecharacter-backend
23 error There is likely additional logging output above.
24 verbose exit [ 1, true ]
